16:17 bilby INFO    : Waveform generator initiated with
  frequency_domain_source_model: bilby.gw.source.lal_binary_black_hole
  time_domain_source_model: None
  parameter_conversion: bilby.gw.conversion.convert_to_lal_binary_black_hole_parameters
16:17 bilby INFO    : Injected signal in H1:
16:17 bilby INFO    :   optimal SNR = 7.67
16:17 bilby INFO    :   matched filter SNR = 7.40+0.60j
16:17 bilby INFO    :   mass_1 = 43.87266411667468
16:17 bilby INFO    :   mass_2 = 33.70543036177244
16:17 bilby INFO    :   a_1 = 0.15557264310436625
16:17 bilby INFO    :   a_2 = 0.3246512967002326
16:17 bilby INFO    :   tilt_1 = 0.9754663808634164
16:17 bilby INFO    :   tilt_2 = 0.3725762670325049
16:17 bilby INFO    :   phi_12 = 4.37447564039608
16:17 bilby INFO    :   phi_jl = 0.8508788551326839
16:17 bilby INFO    :   luminosity_distance = 2952.8005187591
16:17 bilby INFO    :   theta_jn = 0.4237247901181287
16:17 bilby INFO    :   psi = 5.9190177498
16:17 bilby INFO    :   phase = 1.8211080912000002
16:17 bilby INFO    :   geocent_time = 1126259642.413
16:17 bilby INFO    :   zenith = -1.1725663274051037
16:17 bilby INFO    :   azimuth = -36133.297373396264
16:17 bilby INFO    :   ra = 3.7709880029000002
16:17 bilby INFO    :   dec = 2.7433626542000003
16:17 bilby INFO    : Injected signal in L1:
16:17 bilby INFO    :   optimal SNR = 10.00
16:17 bilby INFO    :   matched filter SNR = 9.02-0.12j
16:17 bilby INFO    :   mass_1 = 43.87266411667468
16:17 bilby INFO    :   mass_2 = 33.70543036177244
16:17 bilby INFO    :   a_1 = 0.15557264310436625
16:17 bilby INFO    :   a_2 = 0.3246512967002326
16:17 bilby INFO    :   tilt_1 = 0.9754663808634164
16:17 bilby INFO    :   tilt_2 = 0.3725762670325049
16:17 bilby INFO    :   phi_12 = 4.37447564039608
16:17 bilby INFO    :   phi_jl = 0.8508788551326839
16:17 bilby INFO    :   luminosity_distance = 2952.8005187591
16:17 bilby INFO    :   theta_jn = 0.4237247901181287
16:17 bilby INFO    :   psi = 5.9190177498
16:17 bilby INFO    :   phase = 1.8211080912000002
16:17 bilby INFO    :   geocent_time = 1126259642.413
16:17 bilby INFO    :   zenith = -1.1725663274051037
16:17 bilby INFO    :   azimuth = -36133.297373396264
16:17 bilby INFO    :   ra = 3.7709880029000002
16:17 bilby INFO    :   dec = 2.7433626542000003
16:17 bilby INFO    : Injected signal in V1:
16:17 bilby INFO    :   optimal SNR = 1.73
16:17 bilby INFO    :   matched filter SNR = 0.50-1.94j
16:17 bilby INFO    :   mass_1 = 43.87266411667468
16:17 bilby INFO    :   mass_2 = 33.70543036177244
16:17 bilby INFO    :   a_1 = 0.15557264310436625
16:17 bilby INFO    :   a_2 = 0.3246512967002326
16:17 bilby INFO    :   tilt_1 = 0.9754663808634164
16:17 bilby INFO    :   tilt_2 = 0.3725762670325049
16:17 bilby INFO    :   phi_12 = 4.37447564039608
16:17 bilby INFO    :   phi_jl = 0.8508788551326839
16:17 bilby INFO    :   luminosity_distance = 2952.8005187591
16:17 bilby INFO    :   theta_jn = 0.4237247901181287
16:17 bilby INFO    :   psi = 5.9190177498
16:17 bilby INFO    :   phase = 1.8211080912000002
16:17 bilby INFO    :   geocent_time = 1126259642.413
16:17 bilby INFO    :   zenith = -1.1725663274051037
16:17 bilby INFO    :   azimuth = -36133.297373396264
16:17 bilby INFO    :   ra = 3.7709880029000002
16:17 bilby INFO    :   dec = 2.7433626542000003
16:17 bilby INFO    : Distance marginalisation file .distance_marginalization_lookup.npz does not exist
16:17 bilby INFO    : Building lookup table for distance marginalisation.
  0%|          | 0/400 [00:00<?, ?it/s]  0%|          | 2/400 [00:00<00:36, 10.95it/s]  1%|          | 4/400 [00:00<00:36, 10.98it/s]  2%|▏         | 6/400 [00:00<00:35, 10.99it/s]  2%|▏         | 8/400 [00:00<00:35, 11.00it/s]  2%|▎         | 10/400 [00:00<00:35, 11.04it/s]  3%|▎         | 12/400 [00:01<00:35, 11.04it/s]  4%|▎         | 14/400 [00:01<00:34, 11.04it/s]  4%|▍         | 16/400 [00:01<00:35, 10.94it/s]  4%|▍         | 18/400 [00:01<00:40,  9.37it/s]  5%|▍         | 19/400 [00:01<00:43,  8.85it/s]  5%|▌         | 20/400 [00:02<00:45,  8.44it/s]  5%|▌         | 21/400 [00:02<00:46,  8.12it/s]  6%|▌         | 22/400 [00:02<00:48,  7.86it/s]  6%|▌         | 23/400 [00:02<00:49,  7.65it/s]  6%|▌         | 24/400 [00:02<00:49,  7.53it/s]  6%|▋         | 25/400 [00:02<00:50,  7.42it/s]  6%|▋         | 26/400 [00:02<00:50,  7.35it/s]  7%|▋         | 27/400 [00:02<00:51,  7.31it/s]  7%|▋         | 28/400 [00:03<00:51,  7.27it/s]  7%|▋         | 29/400 [00:03<00:51,  7.23it/s]  8%|▊         | 30/400 [00:03<00:51,  7.22it/s]  8%|▊         | 31/400 [00:03<00:52,  7.01it/s]  8%|▊         | 32/400 [00:03<00:53,  6.94it/s]  8%|▊         | 34/400 [00:03<00:44,  8.26it/s]  9%|▉         | 36/400 [00:04<00:42,  8.61it/s] 10%|▉         | 38/400 [00:04<00:39,  9.21it/s] 10%|█         | 40/400 [00:04<00:37,  9.65it/s] 10%|█         | 42/400 [00:04<00:35,  9.96it/s] 11%|█         | 44/400 [00:04<00:35, 10.10it/s] 12%|█▏        | 46/400 [00:05<00:34, 10.33it/s] 12%|█▏        | 48/400 [00:05<00:33, 10.53it/s] 12%|█▎        | 50/400 [00:05<00:32, 10.65it/s] 13%|█▎        | 52/400 [00:05<00:32, 10.74it/s] 14%|█▎        | 54/400 [00:05<00:32, 10.79it/s] 14%|█▍        | 56/400 [00:05<00:31, 10.80it/s] 14%|█▍        | 58/400 [00:06<00:31, 10.82it/s] 15%|█▌        | 60/400 [00:06<00:31, 10.83it/s] 16%|█▌        | 62/400 [00:06<00:31, 10.80it/s] 16%|█▌        | 64/400 [00:06<00:31, 10.81it/s] 16%|█▋        | 66/400 [00:06<00:30, 10.85it/s] 17%|█▋        | 68/400 [00:07<00:30, 10.89it/s] 18%|█▊        | 70/400 [00:07<00:30, 10.94it/s] 18%|█▊        | 72/400 [00:07<00:29, 10.98it/s] 18%|█▊        | 74/400 [00:07<00:29, 11.02it/s] 19%|█▉        | 76/400 [00:07<00:29, 11.02it/s] 20%|█▉        | 78/400 [00:07<00:29, 11.04it/s] 20%|██        | 80/400 [00:08<00:28, 11.05it/s] 20%|██        | 82/400 [00:08<00:28, 11.05it/s] 21%|██        | 84/400 [00:08<00:28, 11.05it/s] 22%|██▏       | 86/400 [00:08<00:28, 11.00it/s] 22%|██▏       | 88/400 [00:08<00:28, 10.99it/s] 22%|██▎       | 90/400 [00:09<00:28, 11.00it/s] 23%|██▎       | 92/400 [00:09<00:28, 10.99it/s] 24%|██▎       | 94/400 [00:09<00:27, 11.02it/s] 24%|██▍       | 96/400 [00:09<00:27, 11.03it/s] 24%|██▍       | 98/400 [00:09<00:27, 11.00it/s] 25%|██▌       | 100/400 [00:09<00:27, 10.98it/s] 26%|██▌       | 102/400 [00:10<00:27, 10.97it/s] 26%|██▌       | 104/400 [00:10<00:26, 10.97it/s] 26%|██▋       | 106/400 [00:10<00:26, 10.98it/s] 27%|██▋       | 108/400 [00:10<00:26, 10.99it/s] 28%|██▊       | 110/400 [00:10<00:26, 11.00it/s] 28%|██▊       | 112/400 [00:11<00:26, 10.99it/s] 28%|██▊       | 114/400 [00:11<00:25, 11.02it/s] 29%|██▉       | 116/400 [00:11<00:25, 11.07it/s] 30%|██▉       | 118/400 [00:11<00:25, 11.09it/s] 30%|███       | 120/400 [00:11<00:25, 11.11it/s] 30%|███       | 122/400 [00:11<00:24, 11.12it/s] 31%|███       | 124/400 [00:12<00:24, 11.12it/s] 32%|███▏      | 126/400 [00:12<00:24, 11.12it/s] 32%|███▏      | 128/400 [00:12<00:24, 11.07it/s] 32%|███▎      | 130/400 [00:12<00:24, 11.09it/s] 33%|███▎      | 132/400 [00:12<00:24, 11.11it/s] 34%|███▎      | 134/400 [00:13<00:23, 11.12it/s] 34%|███▍      | 136/400 [00:13<00:23, 11.06it/s] 34%|███▍      | 138/400 [00:13<00:23, 11.07it/s] 35%|███▌      | 140/400 [00:13<00:23, 11.10it/s] 36%|███▌      | 142/400 [00:13<00:23, 11.11it/s] 36%|███▌      | 144/400 [00:13<00:23, 11.12it/s] 36%|███▋      | 146/400 [00:14<00:22, 11.12it/s] 37%|███▋      | 148/400 [00:14<00:22, 11.12it/s] 38%|███▊      | 150/400 [00:14<00:22, 11.12it/s] 38%|███▊      | 152/400 [00:14<00:22, 11.11it/s] 38%|███▊      | 154/400 [00:14<00:22, 11.10it/s] 39%|███▉      | 156/400 [00:15<00:22, 11.08it/s] 40%|███▉      | 158/400 [00:15<00:21, 11.04it/s] 40%|████      | 160/400 [00:15<00:21, 11.01it/s] 40%|████      | 162/400 [00:15<00:21, 10.98it/s] 41%|████      | 164/400 [00:15<00:21, 10.95it/s] 42%|████▏     | 166/400 [00:15<00:21, 10.92it/s] 42%|████▏     | 168/400 [00:16<00:21, 10.91it/s] 42%|████▎     | 170/400 [00:16<00:21, 10.87it/s] 43%|████▎     | 172/400 [00:16<00:21, 10.83it/s] 44%|████▎     | 174/400 [00:16<00:20, 10.78it/s] 44%|████▍     | 176/400 [00:16<00:20, 10.74it/s] 44%|████▍     | 178/400 [00:17<00:20, 10.72it/s] 45%|████▌     | 180/400 [00:17<00:20, 10.69it/s] 46%|████▌     | 182/400 [00:17<00:20, 10.65it/s] 46%|████▌     | 184/400 [00:17<00:20, 10.60it/s] 46%|████▋     | 186/400 [00:17<00:20, 10.54it/s] 47%|████▋     | 188/400 [00:18<00:20, 10.48it/s] 48%|████▊     | 190/400 [00:18<00:20, 10.40it/s] 48%|████▊     | 192/400 [00:18<00:20, 10.32it/s] 48%|████▊     | 194/400 [00:18<00:20, 10.24it/s] 49%|████▉     | 196/400 [00:18<00:20, 10.15it/s] 50%|████▉     | 198/400 [00:19<00:20, 10.05it/s] 50%|█████     | 200/400 [00:19<00:20,  9.95it/s] 50%|█████     | 201/400 [00:19<00:20,  9.89it/s] 50%|█████     | 202/400 [00:19<00:20,  9.83it/s] 51%|█████     | 203/400 [00:19<00:20,  9.75it/s] 51%|█████     | 204/400 [00:19<00:20,  9.67it/s] 51%|█████▏    | 205/400 [00:19<00:20,  9.59it/s] 52%|█████▏    | 206/400 [00:19<00:20,  9.51it/s] 52%|█████▏    | 207/400 [00:19<00:20,  9.44it/s] 52%|█████▏    | 208/400 [00:20<00:20,  9.35it/s] 52%|█████▏    | 209/400 [00:20<00:20,  9.28it/s] 52%|█████▎    | 210/400 [00:20<00:20,  9.21it/s] 53%|█████▎    | 211/400 [00:20<00:20,  9.15it/s] 53%|█████▎    | 212/400 [00:20<00:20,  9.08it/s] 53%|█████▎    | 213/400 [00:20<00:20,  9.02it/s] 54%|█████▎    | 214/400 [00:20<00:20,  8.96it/s] 54%|█████▍    | 215/400 [00:20<00:20,  8.88it/s] 54%|█████▍    | 216/400 [00:20<00:20,  8.81it/s] 54%|█████▍    | 217/400 [00:21<00:20,  8.73it/s] 55%|█████▍    | 218/400 [00:21<00:20,  8.67it/s] 55%|█████▍    | 219/400 [00:21<00:21,  8.61it/s] 55%|█████▌    | 220/400 [00:21<00:21,  8.55it/s] 55%|█████▌    | 221/400 [00:21<00:21,  8.50it/s] 56%|█████▌    | 222/400 [00:21<00:21,  8.45it/s] 56%|█████▌    | 223/400 [00:21<00:21,  8.40it/s] 56%|█████▌    | 224/400 [00:21<00:21,  8.35it/s] 56%|█████▋    | 225/400 [00:22<00:21,  8.25it/s] 56%|█████▋    | 226/400 [00:22<00:21,  8.21it/s] 57%|█████▋    | 227/400 [00:22<00:21,  8.20it/s] 57%|█████▋    | 228/400 [00:22<00:21,  8.14it/s] 57%|█████▋    | 229/400 [00:22<00:20,  8.15it/s] 57%|█████▊    | 230/400 [00:22<00:20,  8.15it/s] 58%|█████▊    | 231/400 [00:22<00:20,  8.15it/s] 58%|█████▊    | 232/400 [00:22<00:20,  8.14it/s] 58%|█████▊    | 233/400 [00:23<00:20,  8.12it/s] 58%|█████▊    | 234/400 [00:23<00:20,  8.10it/s] 59%|█████▉    | 235/400 [00:23<00:20,  8.10it/s] 59%|█████▉    | 236/400 [00:23<00:20,  8.09it/s] 59%|█████▉    | 237/400 [00:23<00:20,  8.09it/s] 60%|█████▉    | 238/400 [00:23<00:20,  8.09it/s] 60%|█████▉    | 239/400 [00:23<00:19,  8.10it/s] 60%|██████    | 240/400 [00:23<00:19,  8.11it/s] 60%|██████    | 241/400 [00:24<00:19,  8.12it/s] 60%|██████    | 242/400 [00:24<00:19,  8.14it/s] 61%|██████    | 243/400 [00:24<00:19,  8.16it/s] 61%|██████    | 244/400 [00:24<00:19,  8.18it/s] 61%|██████▏   | 245/400 [00:24<00:18,  8.20it/s] 62%|██████▏   | 246/400 [00:24<00:18,  8.22it/s] 62%|██████▏   | 247/400 [00:24<00:18,  8.25it/s] 62%|██████▏   | 248/400 [00:24<00:18,  8.28it/s] 62%|██████▏   | 249/400 [00:24<00:18,  8.32it/s] 62%|██████▎   | 250/400 [00:25<00:17,  8.36it/s] 63%|██████▎   | 251/400 [00:25<00:17,  8.38it/s] 63%|██████▎   | 252/400 [00:25<00:17,  8.41it/s] 63%|██████▎   | 253/400 [00:25<00:17,  8.44it/s] 64%|██████▎   | 254/400 [00:25<00:17,  8.47it/s] 64%|██████▍   | 255/400 [00:25<00:17,  8.51it/s] 64%|██████▍   | 256/400 [00:25<00:16,  8.55it/s] 64%|██████▍   | 257/400 [00:25<00:16,  8.59it/s] 64%|██████▍   | 258/400 [00:26<00:16,  8.64it/s] 65%|██████▍   | 259/400 [00:26<00:16,  8.65it/s] 65%|██████▌   | 260/400 [00:26<00:16,  8.67it/s] 65%|██████▌   | 261/400 [00:26<00:15,  8.70it/s] 66%|██████▌   | 262/400 [00:26<00:15,  8.73it/s] 66%|██████▌   | 263/400 [00:26<00:15,  8.75it/s] 66%|██████▌   | 264/400 [00:26<00:15,  8.78it/s] 66%|██████▋   | 265/400 [00:26<00:15,  8.79it/s] 66%|██████▋   | 266/400 [00:26<00:15,  8.82it/s] 67%|██████▋   | 267/400 [00:27<00:15,  8.84it/s] 67%|██████▋   | 268/400 [00:27<00:14,  8.86it/s] 67%|██████▋   | 269/400 [00:27<00:14,  8.88it/s] 68%|██████▊   | 270/400 [00:27<00:14,  8.90it/s] 68%|██████▊   | 271/400 [00:27<00:14,  8.93it/s] 68%|██████▊   | 272/400 [00:27<00:14,  8.94it/s] 68%|██████▊   | 273/400 [00:27<00:14,  8.96it/s] 68%|██████▊   | 274/400 [00:27<00:14,  8.96it/s] 69%|██████▉   | 275/400 [00:27<00:13,  8.99it/s] 69%|██████▉   | 276/400 [00:28<00:13,  9.02it/s] 69%|██████▉   | 277/400 [00:28<00:13,  9.05it/s] 70%|██████▉   | 278/400 [00:28<00:13,  9.05it/s] 70%|██████▉   | 279/400 [00:28<00:13,  9.05it/s] 70%|███████   | 280/400 [00:28<00:13,  9.05it/s] 70%|███████   | 281/400 [00:28<00:13,  9.06it/s] 70%|███████   | 282/400 [00:28<00:13,  9.07it/s] 71%|███████   | 283/400 [00:28<00:12,  9.07it/s] 71%|███████   | 284/400 [00:28<00:12,  9.08it/s] 71%|███████▏  | 285/400 [00:29<00:12,  9.10it/s] 72%|███████▏  | 286/400 [00:29<00:12,  9.10it/s] 72%|███████▏  | 287/400 [00:29<00:12,  9.11it/s] 72%|███████▏  | 288/400 [00:29<00:12,  9.14it/s] 72%|███████▏  | 289/400 [00:29<00:12,  9.16it/s] 72%|███████▎  | 290/400 [00:29<00:11,  9.17it/s] 73%|███████▎  | 291/400 [00:29<00:11,  9.16it/s] 73%|███████▎  | 292/400 [00:29<00:11,  9.15it/s] 73%|███████▎  | 293/400 [00:29<00:11,  9.17it/s] 74%|███████▎  | 294/400 [00:30<00:11,  9.17it/s] 74%|███████▍  | 295/400 [00:30<00:11,  9.18it/s] 74%|███████▍  | 296/400 [00:30<00:11,  9.17it/s] 74%|███████▍  | 297/400 [00:30<00:11,  9.17it/s] 74%|███████▍  | 298/400 [00:30<00:11,  9.17it/s] 75%|███████▍  | 299/400 [00:30<00:11,  8.93it/s] 75%|███████▌  | 300/400 [00:30<00:11,  8.87it/s] 75%|███████▌  | 301/400 [00:30<00:11,  8.98it/s] 76%|███████▌  | 302/400 [00:30<00:10,  9.05it/s] 76%|███████▌  | 303/400 [00:31<00:10,  9.10it/s] 76%|███████▌  | 304/400 [00:31<00:10,  9.15it/s] 76%|███████▋  | 305/400 [00:31<00:10,  9.18it/s] 76%|███████▋  | 306/400 [00:31<00:10,  9.20it/s] 77%|███████▋  | 307/400 [00:31<00:10,  9.22it/s] 77%|███████▋  | 308/400 [00:31<00:09,  9.23it/s] 77%|███████▋  | 309/400 [00:31<00:09,  9.25it/s] 78%|███████▊  | 310/400 [00:31<00:09,  9.24it/s] 78%|███████▊  | 311/400 [00:31<00:09,  9.25it/s] 78%|███████▊  | 312/400 [00:32<00:09,  9.26it/s] 78%|███████▊  | 313/400 [00:32<00:09,  9.26it/s] 78%|███████▊  | 314/400 [00:32<00:09,  9.27it/s] 79%|███████▉  | 315/400 [00:32<00:09,  9.27it/s] 79%|███████▉  | 316/400 [00:32<00:09,  9.27it/s] 79%|███████▉  | 317/400 [00:32<00:08,  9.27it/s] 80%|███████▉  | 318/400 [00:32<00:08,  9.27it/s] 80%|███████▉  | 319/400 [00:32<00:08,  9.26it/s] 80%|████████  | 320/400 [00:32<00:08,  9.26it/s] 80%|████████  | 321/400 [00:32<00:08,  9.26it/s] 80%|████████  | 322/400 [00:33<00:08,  9.26it/s] 81%|████████  | 323/400 [00:33<00:08,  9.26it/s] 81%|████████  | 324/400 [00:33<00:08,  9.27it/s] 81%|████████▏ | 325/400 [00:33<00:08,  9.27it/s] 82%|████████▏ | 326/400 [00:33<00:07,  9.27it/s] 82%|████████▏ | 327/400 [00:33<00:07,  9.27it/s] 82%|████████▏ | 328/400 [00:33<00:07,  9.26it/s] 82%|████████▏ | 329/400 [00:33<00:07,  9.26it/s] 82%|████████▎ | 330/400 [00:33<00:07,  9.27it/s] 83%|████████▎ | 331/400 [00:34<00:07,  9.28it/s] 83%|████████▎ | 332/400 [00:34<00:07,  9.28it/s] 83%|████████▎ | 333/400 [00:34<00:07,  9.28it/s] 84%|████████▎ | 334/400 [00:34<00:07,  9.28it/s] 84%|████████▍ | 335/400 [00:34<00:07,  9.28it/s] 84%|████████▍ | 336/400 [00:34<00:06,  9.28it/s] 84%|████████▍ | 337/400 [00:34<00:06,  9.28it/s] 84%|████████▍ | 338/400 [00:34<00:06,  9.28it/s] 85%|████████▍ | 339/400 [00:34<00:06,  9.27it/s] 85%|████████▌ | 340/400 [00:35<00:06,  9.28it/s] 85%|████████▌ | 341/400 [00:35<00:06,  9.28it/s] 86%|████████▌ | 342/400 [00:35<00:06,  8.63it/s] 86%|████████▌ | 343/400 [00:35<00:07,  7.58it/s] 86%|████████▌ | 344/400 [00:35<00:08,  6.92it/s] 86%|████████▋ | 345/400 [00:35<00:08,  6.59it/s] 86%|████████▋ | 346/400 [00:35<00:08,  6.29it/s] 87%|████████▋ | 347/400 [00:36<00:08,  6.12it/s] 87%|████████▋ | 348/400 [00:36<00:08,  6.06it/s] 87%|████████▋ | 349/400 [00:36<00:08,  5.96it/s] 88%|████████▊ | 350/400 [00:36<00:08,  5.95it/s] 88%|████████▊ | 351/400 [00:36<00:08,  5.89it/s] 88%|████████▊ | 352/400 [00:36<00:08,  5.90it/s] 88%|████████▊ | 353/400 [00:37<00:08,  5.86it/s] 88%|████████▊ | 354/400 [00:37<00:07,  5.88it/s] 89%|████████▉ | 355/400 [00:37<00:07,  5.84it/s] 89%|████████▉ | 356/400 [00:37<00:07,  5.82it/s] 89%|████████▉ | 357/400 [00:37<00:07,  5.85it/s] 90%|████████▉ | 358/400 [00:38<00:07,  5.82it/s] 90%|████████▉ | 359/400 [00:38<00:07,  5.85it/s] 90%|█████████ | 360/400 [00:38<00:06,  5.82it/s] 90%|█████████ | 361/400 [00:38<00:06,  5.85it/s] 90%|█████████ | 362/400 [00:38<00:06,  5.82it/s] 91%|█████████ | 363/400 [00:38<00:06,  5.83it/s] 91%|█████████ | 364/400 [00:39<00:06,  5.83it/s] 91%|█████████▏| 365/400 [00:39<00:06,  5.80it/s] 92%|█████████▏| 366/400 [00:39<00:05,  5.84it/s] 92%|█████████▏| 367/400 [00:39<00:05,  5.81it/s] 92%|█████████▏| 368/400 [00:39<00:05,  5.81it/s] 92%|█████████▏| 369/400 [00:39<00:05,  5.78it/s] 92%|█████████▎| 370/400 [00:40<00:05,  5.82it/s] 93%|█████████▎| 371/400 [00:40<00:05,  5.80it/s] 93%|█████████▎| 372/400 [00:40<00:04,  5.80it/s] 93%|█████████▎| 373/400 [00:40<00:04,  5.82it/s] 94%|█████████▎| 374/400 [00:40<00:04,  5.80it/s] 94%|█████████▍| 375/400 [00:40<00:04,  5.84it/s] 94%|█████████▍| 376/400 [00:41<00:04,  5.81it/s] 94%|█████████▍| 377/400 [00:41<00:03,  5.84it/s] 94%|█████████▍| 378/400 [00:41<00:03,  5.82it/s] 95%|█████████▍| 379/400 [00:41<00:03,  5.85it/s] 95%|█████████▌| 380/400 [00:41<00:03,  5.82it/s] 95%|█████████▌| 381/400 [00:41<00:03,  5.80it/s] 96%|█████████▌| 382/400 [00:42<00:03,  5.83it/s] 96%|█████████▌| 383/400 [00:42<00:02,  5.81it/s] 96%|█████████▌| 384/400 [00:42<00:02,  5.84it/s] 96%|█████████▋| 385/400 [00:42<00:02,  5.81it/s] 96%|█████████▋| 386/400 [00:42<00:02,  5.85it/s] 97%|█████████▋| 387/400 [00:43<00:02,  5.81it/s] 97%|█████████▋| 388/400 [00:43<00:02,  5.84it/s] 97%|█████████▋| 389/400 [00:43<00:01,  5.82it/s] 98%|█████████▊| 390/400 [00:43<00:01,  5.80it/s] 98%|█████████▊| 391/400 [00:43<00:01,  5.83it/s] 98%|█████████▊| 392/400 [00:43<00:01,  5.81it/s] 98%|█████████▊| 393/400 [00:44<00:01,  5.84it/s] 98%|█████████▊| 394/400 [00:44<00:01,  5.81it/s] 99%|█████████▉| 395/400 [00:44<00:00,  5.84it/s] 99%|█████████▉| 396/400 [00:44<00:00,  5.81it/s] 99%|█████████▉| 397/400 [00:44<00:00,  5.82it/s]100%|█████████▉| 398/400 [00:44<00:00,  5.81it/s]100%|█████████▉| 399/400 [00:45<00:00,  5.80it/s]100%|██████████| 400/400 [00:45<00:00,  5.84it/s]100%|██████████| 400/400 [00:45<00:00,  8.84it/s]
16:18 bilby INFO    : Running for label 'job_00464', output will be saved to '/home/simona.miller/comp-spin-mock-injections/Data/IndividualInferenceOutput/new_bilby/population3_lowSpinAligned_highmass'
16:18 bilby INFO    : Using lal version 7.3.0
16:18 bilby INFO    : Using lal git version Branch: None;Tag: lalsuite-v7.13;Id: ec1fcb1d2d1dab69321fdb8f0afef1f867b11e06;;Builder: Unknown User <>;Repository status: UNCLEAN: Modified working tree
16:18 bilby INFO    : Using lalsimulation version 5.0.0
16:18 bilby INFO    : Using lalsimulation git version Branch: None;Tag: lalsuite-v7.13;Id: ec1fcb1d2d1dab69321fdb8f0afef1f867b11e06;;Builder: Unknown User <>;Repository status: UNCLEAN: Modified working tree
16:18 bilby INFO    : Analysis priors:
16:18 bilby INFO    : chirp_mass=bilby.gw.prior.UniformInComponentsChirpMass(minimum=2, maximum=200, name='chirp_mass', latex_label='$\\mathcal{M}$', unit=None, boundary=None)
16:18 bilby INFO    : mass_ratio=bilby.gw.prior.UniformInComponentsMassRatio(minimum=0.05, maximum=1, name='mass_ratio', latex_label='$q$', unit=None, boundary=None, equal_mass=False)
16:18 bilby INFO    : zenith=Sine(minimum=0, maximum=3.141592653589793, name='zenith', latex_label='zenith', unit=None, boundary=None)
16:18 bilby INFO    : azimuth=Uniform(minimum=0, maximum=6.283185307179586, name='azimuth', latex_label='azimuth', unit=None, boundary='periodic')
16:18 bilby INFO    : theta_jn=Sine(minimum=0, maximum=3.141592653589793, name='theta_jn', latex_label='$\\theta_{JN}$', unit=None, boundary=None)
16:18 bilby INFO    : psi=Uniform(minimum=0, maximum=3.141592653589793, name='psi', latex_label='$\\psi$', unit=None, boundary='periodic')
16:18 bilby INFO    : phase=Uniform(minimum=0, maximum=6.283185307179586, name='phase', latex_label='$\\phi$', unit=None, boundary='periodic')
16:18 bilby INFO    : a_1=Uniform(minimum=0, maximum=0.99, name='a_1', latex_label='$a_1$', unit=None, boundary=None)
16:18 bilby INFO    : a_2=Uniform(minimum=0, maximum=0.99, name='a_2', latex_label='$a_2$', unit=None, boundary=None)
16:18 bilby INFO    : tilt_1=Sine(minimum=0, maximum=3.141592653589793, name='tilt_1', latex_label='$\\theta_1$', unit=None, boundary=None)
16:18 bilby INFO    : tilt_2=Sine(minimum=0, maximum=3.141592653589793, name='tilt_2', latex_label='$\\theta_2$', unit=None, boundary=None)
16:18 bilby INFO    : phi_12=Uniform(minimum=0, maximum=6.283185307179586, name='phi_12', latex_label='$\\Delta\\phi$', unit=None, boundary='periodic')
16:18 bilby INFO    : phi_jl=Uniform(minimum=0, maximum=6.283185307179586, name='phi_jl', latex_label='$\\phi_{JL}$', unit=None, boundary='periodic')
16:18 bilby INFO    : time_jitter=Uniform(minimum=-0.00048828125, maximum=0.00048828125, name='time_jitter', latex_label='$t_j$', unit=None, boundary='periodic')
16:18 bilby INFO    : mass_1=Constraint(minimum=33.87266411667468, maximum=53.87266411667468, name='mass_1', latex_label='$m_1$', unit=None)
16:18 bilby INFO    : mass_2=Constraint(minimum=23.705430361772443, maximum=43.70543036177244, name='mass_2', latex_label='$m_2$', unit=None)
16:18 bilby INFO    : luminosity_distance=6610.928915372315
16:18 bilby INFO    : geocent_time=1126259636.413
16:18 bilby INFO    : Analysis likelihood class: <class 'bilby.gw.likelihood.base.GravitationalWaveTransient'>
16:18 bilby INFO    : Analysis likelihood noise evidence: -24072.755597412674
16:18 bilby INFO    : Single likelihood evaluation took 1.417e-01 s
16:18 bilby INFO    : Using sampler Dynesty with kwargs {'nlive': 2000, 'bound': 'live', 'sample': 'act-walk', 'periodic': None, 'reflective': None, 'update_interval': 600, 'first_update': None, 'npdim': None, 'rstate': None, 'queue_size': 8, 'pool': None, 'use_pool': None, 'live_points': None, 'logl_args': None, 'logl_kwargs': None, 'ptform_args': None, 'ptform_kwargs': None, 'gradient': None, 'grad_args': None, 'grad_kwargs': None, 'compute_jac': False, 'enlarge': None, 'bootstrap': None, 'walks': 100, 'facc': 0.2, 'slices': None, 'fmove': 0.9, 'max_move': 100, 'update_func': None, 'ncdim': None, 'blob': False, 'save_history': False, 'history_filename': None, 'maxiter': None, 'maxcall': None, 'dlogz': 0.1, 'logl_max': inf, 'n_effective': None, 'add_live': True, 'print_progress': True, 'print_func': <bound method Dynesty._print_func of <bilby.core.sampler.dynesty.Dynesty object at 0x1472dcd7b460>>, 'save_bounds': False, 'checkpoint_file': None, 'checkpoint_every': 60, 'resume': False}
16:18 bilby INFO    : Checkpoint every check_point_delta_t = 600s
16:18 bilby INFO    : Using dynesty version 2.1.0
16:18 bilby INFO    : Using the bilby-implemented rwalk sampling tracking the autocorrelation function and thinning by 5 with maximum length 25000
16:18 bilby INFO    : Setting up multiproccesing pool with 8 processes
16:18 bilby INFO    : Reading resume file /home/simona.miller/comp-spin-mock-injections/Data/IndividualInferenceOutput/new_bilby/population3_lowSpinAligned_highmass/job_00464_resume.pickle
16:18 bilby INFO    : Resume file successfully loaded.
17:15 bilby INFO    : Written checkpoint file /home/simona.miller/comp-spin-mock-injections/Data/IndividualInferenceOutput/new_bilby/population3_lowSpinAligned_highmass/job_00464_resume.pickle
18:20 bilby INFO    : Written checkpoint file /home/simona.miller/comp-spin-mock-injections/Data/IndividualInferenceOutput/new_bilby/population3_lowSpinAligned_highmass/job_00464_resume.pickle
18:59 bilby INFO    : Written checkpoint file /home/simona.miller/comp-spin-mock-injections/Data/IndividualInferenceOutput/new_bilby/population3_lowSpinAligned_highmass/job_00464_resume.pickle
19:59 bilby INFO    : Written checkpoint file /home/simona.miller/comp-spin-mock-injections/Data/IndividualInferenceOutput/new_bilby/population3_lowSpinAligned_highmass/job_00464_resume.pickle
20:37 bilby INFO    : Written checkpoint file /home/simona.miller/comp-spin-mock-injections/Data/IndividualInferenceOutput/new_bilby/population3_lowSpinAligned_highmass/job_00464_resume.pickle
21:40 bilby INFO    : Written checkpoint file /home/simona.miller/comp-spin-mock-injections/Data/IndividualInferenceOutput/new_bilby/population3_lowSpinAligned_highmass/job_00464_resume.pickle
22:41 bilby INFO    : Written checkpoint file /home/simona.miller/comp-spin-mock-injections/Data/IndividualInferenceOutput/new_bilby/population3_lowSpinAligned_highmass/job_00464_resume.pickle
23:38 bilby INFO    : Written checkpoint file /home/simona.miller/comp-spin-mock-injections/Data/IndividualInferenceOutput/new_bilby/population3_lowSpinAligned_highmass/job_00464_resume.pickle
00:36 bilby INFO    : Written checkpoint file /home/simona.miller/comp-spin-mock-injections/Data/IndividualInferenceOutput/new_bilby/population3_lowSpinAligned_highmass/job_00464_resume.pickle
multiprocessing.pool.RemoteTraceback: 
"""
Traceback (most recent call last):
  File "/home/simona.miller/.conda/envs/bilby_201/lib/python3.9/multiprocessing/pool.py", line 125, in worker
    result = (True, func(*args, **kwds))
  File "/home/simona.miller/.conda/envs/bilby_201/lib/python3.9/multiprocessing/pool.py", line 48, in mapstar
    return list(map(*args))
  File "/home/simona.miller/.conda/envs/bilby_201/lib/python3.9/site-packages/bilby/core/sampler/dynesty_utils.py", line 197, in __call__
    self.build_cache()
  File "/home/simona.miller/.conda/envs/bilby_201/lib/python3.9/site-packages/bilby/core/sampler/dynesty_utils.py", line 326, in build_cache
    accept = max(accept // n_found, 1)
ZeroDivisionError: integer division or modulo by zero
"""

The above exception was the direct cause of the following exception:

Traceback (most recent call last):
  File "/home/simona.miller/comp-spin-mock-injections/Code/IndividualInference/launchBilby.py", line 180, in <module>
    result = bilby.run_sampler(
  File "/home/simona.miller/.conda/envs/bilby_201/lib/python3.9/site-packages/bilby/core/sampler/__init__.py", line 234, in run_sampler
    result = sampler.run_sampler()
  File "/home/simona.miller/.conda/envs/bilby_201/lib/python3.9/site-packages/bilby/core/sampler/base_sampler.py", line 96, in wrapped
    output = method(self, *args, **kwargs)
  File "/home/simona.miller/.conda/envs/bilby_201/lib/python3.9/site-packages/bilby/core/sampler/dynesty.py", line 517, in run_sampler
    out = self._run_external_sampler_with_checkpointing()
  File "/home/simona.miller/.conda/envs/bilby_201/lib/python3.9/site-packages/bilby/core/sampler/dynesty.py", line 635, in _run_external_sampler_with_checkpointing
    self.sampler.run_nested(**sampler_kwargs)
  File "/home/simona.miller/.conda/envs/bilby_201/lib/python3.9/site-packages/dynesty/sampler.py", line 1016, in run_nested
    for it, results in enumerate(
  File "/home/simona.miller/.conda/envs/bilby_201/lib/python3.9/site-packages/dynesty/sampler.py", line 838, in sample
    u, v, logl, nc = self._new_point(loglstar_new)
  File "/home/simona.miller/.conda/envs/bilby_201/lib/python3.9/site-packages/dynesty/sampler.py", line 395, in _new_point
    u, v, logl, nc, blob = self._get_point_value(loglstar)
  File "/home/simona.miller/.conda/envs/bilby_201/lib/python3.9/site-packages/dynesty/sampler.py", line 379, in _get_point_value
    self._fill_queue(loglstar)
  File "/home/simona.miller/.conda/envs/bilby_201/lib/python3.9/site-packages/dynesty/sampler.py", line 372, in _fill_queue
    self.queue = list(mapper(evolve_point, args))
  File "/home/simona.miller/.conda/envs/bilby_201/lib/python3.9/multiprocessing/pool.py", line 364, in map
    return self._map_async(func, iterable, mapstar, chunksize).get()
  File "/home/simona.miller/.conda/envs/bilby_201/lib/python3.9/multiprocessing/pool.py", line 771, in get
    raise self._value
ZeroDivisionError: integer division or modulo by zero
/home/simona.miller/.conda/envs/bilby_201/lib/python3.9/multiprocessing/pool.py:265: ResourceWarning: unclosed running multiprocessing pool <multiprocessing.pool.Pool state=RUN pool_size=8>
